<?xml version="1.0" encoding="UTF-8"?>
<testsuite xmlns:xsi="http://www.w3.org/2001/XMLSchema-instance" xsi:noNamespaceSchemaLocation="https://maven.apache.org/surefire/maven-surefire-plugin/xsd/surefire-test-report-3.0.xsd" version="3.0" name="com.content_management_system.lms.LmsApplicationTests" time="6.237" tests="1" errors="0" skipped="0" failures="0">
  <properties>
[...]
</properties>
  <testcase name="contextLoads" classname="com.content_management_system.lms.LmsApplicationTests" time="0.418">
    <system-out><![CDATA[Standard Commons Logging discovery in action with spring-jcl: please remove commons-logging.jar from classpath in order to avoid potential conflicts
01:21:33.765 [main] INFO org.springframework.test.context.support.AnnotationConfigContextLoaderUtils -- Could not detect default configuration classes for test class [com.content_management_system.lms.LmsApplicationTests]: LmsApplicationTests does not declare any static, non-private, non-final, nested classes annotated with @Configuration.
01:21:33.837 [main] INFO org.springframework.boot.test.context.SpringBootTestContextBootstrapper -- Found @SpringBootConfiguration com.content_management_system.lms.LmsApplication for test class com.content_management_system.lms.LmsApplicationTests

  .   ____          _            __ _ _
 /\\ / ___'_ __ _ _(_)_ __  __ _ \ \ \ \
( ( )\___ | '_ | '_| | '_ \/ _` | \ \ \ \
 \\/  ___)| |_)| | | | | || (_| |  ) ) ) )
  '  |____| .__|_| |_|_| |_\__, | / / / /
 =========|_|==============|___/=/_/_/_/

 :: Spring Boot ::               (v3.3.13)

2025-07-25T01:21:34.208+07:00  INFO 888843 --- [lms-service] [           main] c.c.lms.LmsApplicationTests              : Starting LmsApplicationTests using Java 21.0.7 with PID 888843 (started by alvin in /home/alvin/GitHub/cms-backend/app/lms-sys)
2025-07-25T01:21:34.209+07:00  INFO 888843 --- [lms-service] [           main] c.c.lms.LmsApplicationTests              : No active profile set, falling back to 1 default profile: "default"
2025-07-25T01:21:35.108+07:00  INFO 888843 --- [lms-service] [           main] .s.d.r.c.RepositoryConfigurationDelegate : Bootstrapping Spring Data JPA repositories in DEFAULT mode.
2025-07-25T01:21:35.187+07:00  INFO 888843 --- [lms-service] [           main] .s.d.r.c.RepositoryConfigurationDelegate : Finished Spring Data repository scanning in 74 ms. Found 3 JPA repository interfaces.
2025-07-25T01:21:35.365+07:00  INFO 888843 --- [lms-service] [           main] o.s.cloud.context.scope.GenericScope     : BeanFactory id=0bf3b1ca-7de7-3cfb-82ab-bd899879730c
2025-07-25T01:21:35.631+07:00  INFO 888843 --- [lms-service] [           main] com.zaxxer.hikari.HikariDataSource       : HikariPool-1 - Starting...
2025-07-25T01:21:35.931+07:00  INFO 888843 --- [lms-service] [           main] com.zaxxer.hikari.pool.HikariPool        : HikariPool-1 - Added connection org.postgresql.jdbc.PgConnection@12a6e8ed
2025-07-25T01:21:35.932+07:00  INFO 888843 --- [lms-service] [           main] com.zaxxer.hikari.HikariDataSource       : HikariPool-1 - Start completed.
2025-07-25T01:21:36.048+07:00  INFO 888843 --- [lms-service] [           main] o.hibernate.jpa.internal.util.LogHelper  : HHH000204: Processing PersistenceUnitInfo [name: default]
2025-07-25T01:21:36.097+07:00  INFO 888843 --- [lms-service] [           main] org.hibernate.Version                    : HHH000412: Hibernate ORM core version 6.5.3.Final
2025-07-25T01:21:36.128+07:00  INFO 888843 --- [lms-service] [           main] o.h.c.internal.RegionFactoryInitiator    : HHH000026: Second-level cache disabled
2025-07-25T01:21:36.365+07:00  INFO 888843 --- [lms-service] [           main] o.s.o.j.p.SpringPersistenceUnitInfo      : No LoadTimeWeaver setup: ignoring JPA class transformer
2025-07-25T01:21:36.413+07:00  WARN 888843 --- [lms-service] [           main] org.hibernate.orm.deprecation            : HHH90000025: PostgreSQLDialect does not need to be specified explicitly using 'hibernate.dialect' (remove the property setting and it will be selected by default)
2025-07-25T01:21:37.506+07:00  INFO 888843 --- [lms-service] [           main] o.h.e.t.j.p.i.JtaPlatformInitiator       : HHH000489: No JTA platform available (set 'hibernate.transaction.jta.platform' to enable JTA platform integration)
Hibernate: 
    alter table if exists "assignment" 
       drop constraint if exists FKanl6tsvrh9xglpiqfniwvnlex
Hibernate: 
    alter table if exists "certificate" 
       drop constraint if exists FKhcb2a4kjoxh9wr90ip8le0nku
Hibernate: 
    alter table if exists "course" 
       drop constraint if exists FKjq4y860a7nul6cn2uuo8owu5
Hibernate: 
    alter table if exists "course" 
       drop constraint if exists FKdsysdhhappka1hx1rj5yvp9vt
Hibernate: 
    alter table if exists "course_category" 
       drop constraint if exists FKstnwggad0qh0g5egg8nxh9spa
Hibernate: 
    alter table if exists "enrollment" 
       drop constraint if exists FK1ieyvv3xk8uciqnk0f6fbbhpx
Hibernate: 
    alter table if exists "enrollment" 
       drop constraint if exists FK98kejxv0gxdiytnbpuub20tfx
Hibernate: 
    alter table if exists "lesson" 
       drop constraint if exists FKinveq4324pjou4h34b33rpu1
Hibernate: 
    alter table if exists "module" 
       drop constraint if exists FKkvvfkcr34bitbp0rk0bvnaq9a
Hibernate: 
    alter table if exists "quiz" 
       drop constraint if exists FKblb8qxad5rwx2d4r1fsmfq3ox
Hibernate: 
    alter table if exists "rating" 
       drop constraint if exists FK203b5b9bt7i5ctdeksbnatsh5
Hibernate: 
    alter table if exists "rating" 
       drop constraint if exists FKfxhernv5dmp9x2v23dgtedngk
Hibernate: 
    alter table if exists "report" 
       drop constraint if exists FKfb25ryhgruhasarrqjvnu2k0c
Hibernate: 
    alter table if exists "review" 
       drop constraint if exists FKhu2xetby3hryq3y8bl24h06kk
Hibernate: 
    alter table if exists "review" 
       drop constraint if exists FKhruntmasmfx37yvoo35v910qt
Hibernate: 
    alter table if exists "student_quiz" 
       drop constraint if exists FK7fu6mkh5waa0u7knhorx7dpbl
Hibernate: 
    alter table if exists "student_quiz" 
       drop constraint if exists FKmlyd5yny5x26t6cewtbtius64
Hibernate: 
    alter table if exists "submission" 
       drop constraint if exists FK6gvxoval0xaxsor5pr7xrdirk
Hibernate: 
    alter table if exists "submission" 
       drop constraint if exists FKkh56vu96rgc0g4m8082ldpnax
Hibernate: 
    alter table if exists "user" 
       drop constraint if exists FKcg8vm2yga4tm8kvsid9aqkt55
Hibernate: 
    alter table if exists "user" 
       drop constraint if exists FK4maer2xcnwp7mw0k1qrbynd8n
Hibernate: 
    drop table if exists "assignment" cascade
Hibernate: 
    drop table if exists "certificate" cascade
Hibernate: 
    drop table if exists "course" cascade
Hibernate: 
    drop table if exists "course_category" cascade
Hibernate: 
    drop table if exists "enrollment" cascade
Hibernate: 
    drop table if exists "lesson" cascade
Hibernate: 
    drop table if exists "module" cascade
Hibernate: 
    drop table if exists "quiz" cascade
Hibernate: 
    drop table if exists "rating" cascade
Hibernate: 
    drop table if exists "report" cascade
Hibernate: 
    drop table if exists "review" cascade
Hibernate: 
    drop table if exists "role" cascade
Hibernate: 
    drop table if exists "student_quiz" cascade
Hibernate: 
    drop table if exists "submission" cascade
Hibernate: 
    drop table if exists "tenants" cascade
Hibernate: 
    drop table if exists "user" cascade
Hibernate: 
    drop type if exists LmsRoleName cascade
2025-07-25T01:21:37.572+07:00  WARN 888843 --- [lms-service] [           main] o.h.engine.jdbc.spi.SqlExceptionHelper   : SQL Warning Code: 0, SQLState: 00000
2025-07-25T01:21:37.572+07:00  WARN 888843 --- [lms-service] [           main] o.h.engine.jdbc.spi.SqlExceptionHelper   : drop cascades to 2 other objects
Hibernate: 
    create type LmsRoleName as enum ('Admin','Owner','Staff')
Hibernate: 
    create cast (varchar as LmsRoleName) with inout as implicit
Hibernate: 
    create cast (LmsRoleName as varchar) with inout as implicit
Hibernate: 
    create table "assignment" (
        course_id bigint,
        created_at timestamp(6) with time zone not null,
        deleted_at timestamp(6) with time zone,
        id bigint generated by default as identity,
        updated_at timestamp(6) with time zone,
        title varchar(255),
        instructions oid,
        primary key (id)
    )
Hibernate: 
    create table "certificate" (
        created_at timestamp(6) with time zone not null,
        deleted_at timestamp(6) with time zone,
        enrollment_id bigint unique,
        id bigint generated by default as identity,
        issue_date timestamp(6) with time zone,
        updated_at timestamp(6) with time zone,
        certificate_url varchar(2048),
        primary key (id)
    )
Hibernate: 
    create table "course" (
        duration_day_count integer,
        overall_rating integer,
        category_id bigint,
        created_at timestamp(6) with time zone not null,
        deleted_at timestamp(6) with time zone,
        id bigint generated by default as identity,
        instructor_id bigint,
        updated_at timestamp(6) with time zone,
        description varchar(255),
        status course_status check (status in ('Pending','Published','Unpublished','Archived')),
        title varchar(255),
        primary key (id)
    )
Hibernate: 
    create table "course_category" (
        created_at timestamp(6) with time zone not null,
        deleted_at timestamp(6) with time zone,
        id bigint generated by default as identity,
        tenant_id bigint,
        updated_at timestamp(6) with time zone,
        description varchar(255),
        name varchar(255),
        primary key (id)
    )
Hibernate: 
    create table "enrollment" (
        progress numeric(5,2),
        course_id bigint,
        created_at timestamp(6) with time zone not null,
        deleted_at timestamp(6) with time zone,
        due_date timestamp(6) with time zone,
        enrollment_date timestamp(6) with time zone,
        id bigint generated by default as identity,
        student_id bigint,
        updated_at timestamp(6) with time zone,
        status enrollment_status check (status in ('Pending','Enrolled','Completed','Dropped')),
        primary key (id)
    )
Hibernate: 
    create table "lesson" (
        created_at timestamp(6) with time zone not null,
        deleted_at timestamp(6) with time zone,
        id bigint generated by default as identity,
        module_id bigint,
        updated_at timestamp(6) with time zone,
        material_type material_type check (material_type in ('Video','PDF','Slide','Link')),
        title varchar(255),
        content oid,
        primary key (id)
    )
Hibernate: 
    create table "module" (
        course_id bigint,
        created_at timestamp(6) with time zone not null,
        deleted_at timestamp(6) with time zone,
        id bigint generated by default as identity,
        updated_at timestamp(6) with time zone,
        description varchar(255),
        name varchar(255),
        primary key (id)
    )
Hibernate: 
    create table "quiz" (
        created_at timestamp(6) with time zone not null,
        deleted_at timestamp(6) with time zone,
        id bigint generated by default as identity,
        module_id bigint,
        updated_at timestamp(6) with time zone,
        answer varchar(255),
        question varchar(255),
        primary key (id)
    )
Hibernate: 
    create table "rating" (
        rating_count integer,
        course_id bigint,
        created_at timestamp(6) with time zone not null,
        deleted_at timestamp(6) with time zone,
        id bigint generated by default as identity,
        updated_at timestamp(6) with time zone,
        user_id bigint,
        primary key (id)
    )
Hibernate: 
    create table "report" (
        generated_by_user_id bigint,
        generated_date timestamp(6) with time zone,
        report_id bigint generated by default as identity,
        report_name varchar(255),
        data_snapshot oid,
        primary key (report_id)
    )
Hibernate: 
    create table "review" (
        course_id bigint,
        created_at timestamp(6) with time zone not null,
        deleted_at timestamp(6) with time zone,
        id bigint generated by default as identity,
        updated_at timestamp(6) with time zone,
        user_id bigint,
        title varchar(255),
        description oid,
        primary key (id)
    )
Hibernate: 
    create table "role" (
        created_at timestamp(6) with time zone not null,
        deleted_at timestamp(6) with time zone,
        id bigint generated by default as identity,
        updated_at timestamp(6) with time zone,
        name lms_role_name not null unique,
        primary key (id)
    )
Hibernate: 
    create table "student_quiz" (
        attempt integer,
        score integer,
        created_at timestamp(6) with time zone not null,
        deleted_at timestamp(6) with time zone,
        id bigint generated by default as identity,
        quiz_id bigint,
        student_id bigint,
        updated_at timestamp(6) with time zone,
        primary key (id)
    )
Hibernate: 
    create table "submission" (
        assignment_id bigint,
        created_at timestamp(6) with time zone not null,
        deleted_at timestamp(6) with time zone,
        id bigint generated by default as identity,
        student_id bigint,
        submitted_at timestamp(6) with time zone,
        updated_at timestamp(6) with time zone,
        file_url varchar(2048),
        primary key (id)
    )
Hibernate: 
    create table "tenants" (
        is_active boolean,
        created_at timestamp(6) with time zone not null,
        deleted_at timestamp(6) with time zone,
        id bigint generated by default as identity,
        updated_at timestamp(6) with time zone,
        name varchar(255),
        primary key (id)
    )
Hibernate: 
    create table "user" (
        created_at timestamp(6) with time zone not null,
        deleted_at timestamp(6) with time zone,
        id bigint generated by default as identity,
        registration_date timestamp(6) with time zone,
        role_id bigint,
        tenant_id bigint,
        updated_at timestamp(6) with time zone,
        address varchar(255),
        email varchar(255) not null unique,
        name varchar(255),
        password varchar(255) not null,
        phone_number varchar(255),
        username varchar(255) not null unique,
        primary key (id)
    )
Hibernate: 
    alter table if exists "assignment" 
       add constraint FKanl6tsvrh9xglpiqfniwvnlex 
       foreign key (course_id) 
       references "course"
Hibernate: 
    alter table if exists "certificate" 
       add constraint FKhcb2a4kjoxh9wr90ip8le0nku 
       foreign key (enrollment_id) 
       references "enrollment"
Hibernate: 
    alter table if exists "course" 
       add constraint FKjq4y860a7nul6cn2uuo8owu5 
       foreign key (category_id) 
       references "course_category"
Hibernate: 
    alter table if exists "course" 
       add constraint FKdsysdhhappka1hx1rj5yvp9vt 
       foreign key (instructor_id) 
       references "user"
Hibernate: 
    alter table if exists "course_category" 
       add constraint FKstnwggad0qh0g5egg8nxh9spa 
       foreign key (tenant_id) 
       references "tenants"
Hibernate: 
    alter table if exists "enrollment" 
       add constraint FK1ieyvv3xk8uciqnk0f6fbbhpx 
       foreign key (course_id) 
       references "course"
Hibernate: 
    alter table if exists "enrollment" 
       add constraint FK98kejxv0gxdiytnbpuub20tfx 
       foreign key (student_id) 
       references "user"
Hibernate: 
    alter table if exists "lesson" 
       add constraint FKinveq4324pjou4h34b33rpu1 
       foreign key (module_id) 
       references "module"
Hibernate: 
    alter table if exists "module" 
       add constraint FKkvvfkcr34bitbp0rk0bvnaq9a 
       foreign key (course_id) 
       references "course"
Hibernate: 
    alter table if exists "quiz" 
       add constraint FKblb8qxad5rwx2d4r1fsmfq3ox 
       foreign key (module_id) 
       references "module"
Hibernate: 
    alter table if exists "rating" 
       add constraint FK203b5b9bt7i5ctdeksbnatsh5 
       foreign key (course_id) 
       references "course"
Hibernate: 
    alter table if exists "rating" 
       add constraint FKfxhernv5dmp9x2v23dgtedngk 
       foreign key (user_id) 
       references "user"
Hibernate: 
    alter table if exists "report" 
       add constraint FKfb25ryhgruhasarrqjvnu2k0c 
       foreign key (generated_by_user_id) 
       references "user"
Hibernate: 
    alter table if exists "review" 
       add constraint FKhu2xetby3hryq3y8bl24h06kk 
       foreign key (course_id) 
       references "course"
Hibernate: 
    alter table if exists "review" 
       add constraint FKhruntmasmfx37yvoo35v910qt 
       foreign key (user_id) 
       references "user"
Hibernate: 
    alter table if exists "student_quiz" 
       add constraint FK7fu6mkh5waa0u7knhorx7dpbl 
       foreign key (quiz_id) 
       references "quiz"
Hibernate: 
    alter table if exists "student_quiz" 
       add constraint FKmlyd5yny5x26t6cewtbtius64 
       foreign key (student_id) 
       references "user"
Hibernate: 
    alter table if exists "submission" 
       add constraint FK6gvxoval0xaxsor5pr7xrdirk 
       foreign key (assignment_id) 
       references "assignment"
Hibernate: 
    alter table if exists "submission" 
       add constraint FKkh56vu96rgc0g4m8082ldpnax 
       foreign key (student_id) 
       references "user"
Hibernate: 
    alter table if exists "user" 
       add constraint FKcg8vm2yga4tm8kvsid9aqkt55 
       foreign key (role_id) 
       references "role"
Hibernate: 
    alter table if exists "user" 
       add constraint FK4maer2xcnwp7mw0k1qrbynd8n 
       foreign key (tenant_id) 
       references "tenants"
2025-07-25T01:21:37.687+07:00  INFO 888843 --- [lms-service] [           main] j.LocalContainerEntityManagerFactoryBean : Initialized JPA EntityManagerFactory for persistence unit 'default'
2025-07-25T01:21:38.611+07:00  INFO 888843 --- [lms-service] [           main] o.s.c.g.r.RouteDefinitionRouteLocator    : Loaded RoutePredicateFactory [After]
2025-07-25T01:21:38.611+07:00  INFO 888843 --- [lms-service] [           main] o.s.c.g.r.RouteDefinitionRouteLocator    : Loaded RoutePredicateFactory [Before]
2025-07-25T01:21:38.612+07:00  INFO 888843 --- [lms-service] [           main] o.s.c.g.r.RouteDefinitionRouteLocator    : Loaded RoutePredicateFactory [Between]
2025-07-25T01:21:38.612+07:00  INFO 888843 --- [lms-service] [           main] o.s.c.g.r.RouteDefinitionRouteLocator    : Loaded RoutePredicateFactory [Cookie]
2025-07-25T01:21:38.612+07:00  INFO 888843 --- [lms-service] [           main] o.s.c.g.r.RouteDefinitionRouteLocator    : Loaded RoutePredicateFactory [Header]
2025-07-25T01:21:38.612+07:00  INFO 888843 --- [lms-service] [           main] o.s.c.g.r.RouteDefinitionRouteLocator    : Loaded RoutePredicateFactory [Host]
2025-07-25T01:21:38.612+07:00  INFO 888843 --- [lms-service] [           main] o.s.c.g.r.RouteDefinitionRouteLocator    : Loaded RoutePredicateFactory [Method]
2025-07-25T01:21:38.612+07:00  INFO 888843 --- [lms-service] [           main] o.s.c.g.r.RouteDefinitionRouteLocator    : Loaded RoutePredicateFactory [Path]
2025-07-25T01:21:38.612+07:00  INFO 888843 --- [lms-service] [           main] o.s.c.g.r.RouteDefinitionRouteLocator    : Loaded RoutePredicateFactory [Query]
2025-07-25T01:21:38.612+07:00  INFO 888843 --- [lms-service] [           main] o.s.c.g.r.RouteDefinitionRouteLocator    : Loaded RoutePredicateFactory [ReadBody]
2025-07-25T01:21:38.612+07:00  INFO 888843 --- [lms-service] [           main] o.s.c.g.r.RouteDefinitionRouteLocator    : Loaded RoutePredicateFactory [RemoteAddr]
2025-07-25T01:21:38.612+07:00  INFO 888843 --- [lms-service] [           main] o.s.c.g.r.RouteDefinitionRouteLocator    : Loaded RoutePredicateFactory [XForwardedRemoteAddr]
2025-07-25T01:21:38.612+07:00  INFO 888843 --- [lms-service] [           main] o.s.c.g.r.RouteDefinitionRouteLocator    : Loaded RoutePredicateFactory [Weight]
2025-07-25T01:21:38.612+07:00  INFO 888843 --- [lms-service] [           main] o.s.c.g.r.RouteDefinitionRouteLocator    : Loaded RoutePredicateFactory [CloudFoundryRouteService]
2025-07-25T01:21:38.936+07:00  INFO 888843 --- [lms-service] [           main] o.s.b.a.e.web.EndpointLinksResolver      : Exposing 18 endpoints beneath base path '/actuator'
2025-07-25T01:21:39.256+07:00  INFO 888843 --- [lms-service] [           main] c.c.lms.LmsApplicationTests              : Started LmsApplicationTests in 5.32 seconds (process running for 6.028)
Hibernate: 
    select
        r1_0.id 
    from
        "role" r1_0 
    where
        (
            r1_0.deleted_at IS NULL
        ) 
        and r1_0.name=? 
    fetch
        first ? rows only
Hibernate: 
    insert 
    into
        "role"
        (created_at, deleted_at, name) 
    values
        (?, ?, ?) 
    returning id
Hibernate: 
    select
        r1_0.id 
    from
        "role" r1_0 
    where
        (
            r1_0.deleted_at IS NULL
        ) 
        and r1_0.name=? 
    fetch
        first ? rows only
Hibernate: 
    insert 
    into
        "role"
        (created_at, deleted_at, name) 
    values
        (?, ?, ?) 
    returning id
Hibernate: 
    select
        r1_0.id 
    from
        "role" r1_0 
    where
        (
            r1_0.deleted_at IS NULL
        ) 
        and r1_0.name=? 
    fetch
        first ? rows only
Hibernate: 
    insert 
    into
        "role"
        (created_at, deleted_at, name) 
    values
        (?, ?, ?) 
    returning id
]]></system-out>
    <system-err><![CDATA[WARNING: A Java agent has been loaded dynamically (/home/alvin/.m2/repository/net/bytebuddy/byte-buddy-agent/1.14.19/byte-buddy-agent-1.14.19.jar)
WARNING: If a serviceability tool is in use, please run with -XX:+EnableDynamicAgentLoading to hide this warning
WARNING: If a serviceability tool is not in use, please run with -Djdk.instrument.traceUsage for more information
WARNING: Dynamic loading of agents will be disallowed by default in a future release
]]></system-err>
  </testcase>
</testsuite>