<?xml version="1.0" encoding="UTF-8"?>
<testsuite xmlns:xsi="http://www.w3.org/2001/XMLSchema-instance" xsi:noNamespaceSchemaLocation="https://maven.apache.org/surefire/maven-surefire-plugin/xsd/surefire-test-report-3.0.xsd" version="3.0" name="com.content_management_system.gateway.GatewayApplicationTests" time="4.498" tests="1" errors="0" skipped="0" failures="0">
  <properties>
[...]
</properties>
  <testcase name="contextLoads" classname="com.content_management_system.gateway.GatewayApplicationTests" time="0.614">
    <system-out><![CDATA[Standard Commons Logging discovery in action with spring-jcl: please remove commons-logging.jar from classpath in order to avoid potential conflicts
12:57:19.768 [main] INFO org.springframework.test.context.support.AnnotationConfigContextLoaderUtils -- Could not detect default configuration classes for test class [com.content_management_system.gateway.GatewayApplicationTests]: GatewayApplicationTests does not declare any static, non-private, non-final, nested classes annotated with @Configuration.
12:57:19.862 [main] INFO org.springframework.boot.test.context.SpringBootTestContextBootstrapper -- Found @SpringBootConfiguration com.content_management_system.gateway.GatewayApplication for test class com.content_management_system.gateway.GatewayApplicationTests

  .   ____          _            __ _ _
 /\\ / ___'_ __ _ _(_)_ __  __ _ \ \ \ \
( ( )\___ | '_ | '_| | '_ \/ _` | \ \ \ \
 \\/  ___)| |_)| | | | | || (_| |  ) ) ) )
  '  |____| .__|_| |_|_| |_\__, | / / / /
 =========|_|==============|___/=/_/_/_/

 :: Spring Boot ::               (v3.3.13)

2025-07-26T12:57:20.343+07:00  INFO 99038 --- [gateway-service] [           main] c.c.gateway.GatewayApplicationTests      : Starting GatewayApplicationTests using Java 21.0.7 with PID 99038 (started by alvin in /home/alvin/GitHub/cms-backend/app/gateway)
2025-07-26T12:57:20.344+07:00  INFO 99038 --- [gateway-service] [           main] c.c.gateway.GatewayApplicationTests      : No active profile set, falling back to 1 default profile: "default"
2025-07-26T12:57:21.731+07:00  INFO 99038 --- [gateway-service] [           main] o.s.cloud.context.scope.GenericScope     : BeanFactory id=078ff2ff-c8ec-3195-aa96-9d5b6500bd0e
2025-07-26T12:57:22.899+07:00  INFO 99038 --- [gateway-service] [           main] o.s.c.g.r.RouteDefinitionRouteLocator    : Loaded RoutePredicateFactory [After]
2025-07-26T12:57:22.900+07:00  INFO 99038 --- [gateway-service] [           main] o.s.c.g.r.RouteDefinitionRouteLocator    : Loaded RoutePredicateFactory [Before]
2025-07-26T12:57:22.900+07:00  INFO 99038 --- [gateway-service] [           main] o.s.c.g.r.RouteDefinitionRouteLocator    : Loaded RoutePredicateFactory [Between]
2025-07-26T12:57:22.900+07:00  INFO 99038 --- [gateway-service] [           main] o.s.c.g.r.RouteDefinitionRouteLocator    : Loaded RoutePredicateFactory [Cookie]
2025-07-26T12:57:22.900+07:00  INFO 99038 --- [gateway-service] [           main] o.s.c.g.r.RouteDefinitionRouteLocator    : Loaded RoutePredicateFactory [Header]
2025-07-26T12:57:22.900+07:00  INFO 99038 --- [gateway-service] [           main] o.s.c.g.r.RouteDefinitionRouteLocator    : Loaded RoutePredicateFactory [Host]
2025-07-26T12:57:22.900+07:00  INFO 99038 --- [gateway-service] [           main] o.s.c.g.r.RouteDefinitionRouteLocator    : Loaded RoutePredicateFactory [Method]
2025-07-26T12:57:22.900+07:00  INFO 99038 --- [gateway-service] [           main] o.s.c.g.r.RouteDefinitionRouteLocator    : Loaded RoutePredicateFactory [Path]
2025-07-26T12:57:22.900+07:00  INFO 99038 --- [gateway-service] [           main] o.s.c.g.r.RouteDefinitionRouteLocator    : Loaded RoutePredicateFactory [Query]
2025-07-26T12:57:22.900+07:00  INFO 99038 --- [gateway-service] [           main] o.s.c.g.r.RouteDefinitionRouteLocator    : Loaded RoutePredicateFactory [ReadBody]
2025-07-26T12:57:22.901+07:00  INFO 99038 --- [gateway-service] [           main] o.s.c.g.r.RouteDefinitionRouteLocator    : Loaded RoutePredicateFactory [RemoteAddr]
2025-07-26T12:57:22.901+07:00  INFO 99038 --- [gateway-service] [           main] o.s.c.g.r.RouteDefinitionRouteLocator    : Loaded RoutePredicateFactory [XForwardedRemoteAddr]
2025-07-26T12:57:22.901+07:00  INFO 99038 --- [gateway-service] [           main] o.s.c.g.r.RouteDefinitionRouteLocator    : Loaded RoutePredicateFactory [Weight]
2025-07-26T12:57:22.901+07:00  INFO 99038 --- [gateway-service] [           main] o.s.c.g.r.RouteDefinitionRouteLocator    : Loaded RoutePredicateFactory [CloudFoundryRouteService]
2025-07-26T12:57:23.150+07:00  INFO 99038 --- [gateway-service] [           main] o.s.b.a.e.web.EndpointLinksResolver      : Exposing 1 endpoint beneath base path '/actuator'
2025-07-26T12:57:23.419+07:00  INFO 99038 --- [gateway-service] [   scheduling-1] c.c.gateway.ServiceConnectionLogger      : 🔎 Scheduled task running: Checking service connections...
2025-07-26T12:57:23.420+07:00  WARN 99038 --- [gateway-service] [   scheduling-1] c.c.gateway.ServiceConnectionLogger      : No services found in Consul discovery. Will retry on the next cycle.
2025-07-26T12:57:23.453+07:00  INFO 99038 --- [gateway-service] [           main] c.c.gateway.GatewayApplicationTests      : Started GatewayApplicationTests in 3.477 seconds (process running for 4.383)
2025-07-26T12:57:23.457+07:00  INFO 99038 --- [gateway-service] [           main] c.c.gateway.ServiceConnectionLogger      : ✅ Application is ready. Performing initial health check in 10 seconds...
]]></system-out>
    <system-err><![CDATA[WARNING: A Java agent has been loaded dynamically (/home/alvin/.m2/repository/net/bytebuddy/byte-buddy-agent/1.14.19/byte-buddy-agent-1.14.19.jar)
WARNING: If a serviceability tool is in use, please run with -XX:+EnableDynamicAgentLoading to hide this warning
WARNING: If a serviceability tool is not in use, please run with -Djdk.instrument.traceUsage for more information
WARNING: Dynamic loading of agents will be disallowed by default in a future release
]]></system-err>
  </testcase>
</testsuite>